Determining if the pthread_create exist failed with the following output:
Change Dir: /home/christian/lateralOffset/build/CMakeFiles/CMakeTmp

Run Build Command:"/usr/bin/make" "cmTC_474bb/fast"
/usr/bin/make -f CMakeFiles/cmTC_474bb.dir/build.make CMakeFiles/cmTC_474bb.dir/build
make[1]: Entering directory '/home/christian/lateralOffset/build/CMakeFiles/CMakeTmp'
Building C object CMakeFiles/cmTC_474bb.dir/CheckSymbolExists.c.o
/usr/bin/cc     -o CMakeFiles/cmTC_474bb.dir/CheckSymbolExists.c.o   -c /home/christian/lateralOffset/build/CMakeFiles/CMakeTmp/CheckSymbolExists.c
Linking C executable cmTC_474bb
/usr/bin/cmake -E cmake_link_script CMakeFiles/cmTC_474bb.dir/link.txt --verbose=1
/usr/bin/cc       CMakeFiles/cmTC_474bb.dir/CheckSymbolExists.c.o  -o cmTC_474bb -rdynamic 
CMakeFiles/cmTC_474bb.dir/CheckSymbolExists.c.o: In function `main':
CheckSymbolExists.c:(.text+0x16): undefined reference to `pthread_create'
collect2: error: ld returned 1 exit status
CMakeFiles/cmTC_474bb.dir/build.make:97: recipe for target 'cmTC_474bb' failed
make[1]: *** [cmTC_474bb] Error 1
make[1]: Leaving directory '/home/christian/lateralOffset/build/CMakeFiles/CMakeTmp'
Makefile:126: recipe for target 'cmTC_474bb/fast' failed
make: *** [cmTC_474bb/fast] Error 2

File /home/christian/lateralOffset/build/CMakeFiles/CMakeTmp/CheckSymbolExists.c:
/* */
#include <pthread.h>

int main(int argc, char** argv)
{
  (void)argv;
#ifndef pthread_create
  return ((int*)(&pthread_create))[argc];
#else
  (void)argc;
  return 0;
#endif
}

Determining if the function pthread_create exists in the pthreads failed with the following output:
Change Dir: /home/christian/lateralOffset/build/CMakeFiles/CMakeTmp

Run Build Command:"/usr/bin/make" "cmTC_48dc7/fast"
/usr/bin/make -f CMakeFiles/cmTC_48dc7.dir/build.make CMakeFiles/cmTC_48dc7.dir/build
make[1]: Entering directory '/home/christian/lateralOffset/build/CMakeFiles/CMakeTmp'
Building C object CMakeFiles/cmTC_48dc7.dir/CheckFunctionExists.c.o
/usr/bin/cc    -DCHECK_FUNCTION_EXISTS=pthread_create   -o CMakeFiles/cmTC_48dc7.dir/CheckFunctionExists.c.o   -c /usr/share/cmake-3.5/Modules/CheckFunctionExists.c
Linking C executable cmTC_48dc7
/usr/bin/cmake -E cmake_link_script CMakeFiles/cmTC_48dc7.dir/link.txt --verbose=1
/usr/bin/cc   -DCHECK_FUNCTION_EXISTS=pthread_create    CMakeFiles/cmTC_48dc7.dir/CheckFunctionExists.c.o  -o cmTC_48dc7 -rdynamic -lpthreads 
/usr/bin/ld: cannot find -lpthreads
collect2: error: ld returned 1 exit status
CMakeFiles/cmTC_48dc7.dir/build.make:97: recipe for target 'cmTC_48dc7' failed
make[1]: *** [cmTC_48dc7] Error 1
make[1]: Leaving directory '/home/christian/lateralOffset/build/CMakeFiles/CMakeTmp'
Makefile:126: recipe for target 'cmTC_48dc7/fast' failed
make: *** [cmTC_48dc7/fast] Error 2


